<?xml version="1.0" encoding="UTF-8"?>
<robot generator="Robot 6.1.1 (Python 3.12.0 on win32)" generated="20240619 12:15:25.652" rpa="false" schemaversion="4">
<suite id="s1" name="Saukko" source="c:\Users\saesha\Documents\saukko-rfwt\test\saukko.robot">
<test id="s1-t1" name="Login-Logout (teacher)" line="16">
<kw name="First page" library="saukko-keywords">
<doc>Test description:
    This keyword created to access to the first page all the time. We can use keyword as "First page" which open browser with given link
Test proceeding:
    Here goes to see url and browser type from variables parts and based on that opens link
Expected output / acceptance criteria:
    Have to open link in described browser</doc>
<kw name="Open Browser" library="SeleniumLibrary">
<arg>${url2}</arg>
<arg>${browser}</arg>
<doc>Opens a new browser instance to the optional ``url``.</doc>
<msg timestamp="20240619 12:15:26.069" level="INFO">Opening browser 'chrome' to base url 'https://saukko-dev-app-cf2pynvwyijf4.azurewebsites.net/'.</msg>
<status status="PASS" starttime="20240619 12:15:26.069" endtime="20240619 12:15:29.323"/>
</kw>
<kw name="Set Selenium Speed" library="SeleniumLibrary">
<arg>1seconds</arg>
<doc>Sets the delay that is waited after each Selenium command.</doc>
<status status="PASS" starttime="20240619 12:15:29.323" endtime="20240619 12:15:29.323"/>
</kw>
<kw name="Wait Until Element Is Visible" library="SeleniumLibrary">
<arg>xpath=//section[@class="landingPage__buttons"]//div[@class="button__text" and text()="Kirjaudu sisään"]</arg>
<doc>Waits until the element ``locator`` is visible.</doc>
<status status="PASS" starttime="20240619 12:15:29.323" endtime="20240619 12:15:32.750"/>
</kw>
<kw name="Scroll Element Into View" library="SeleniumLibrary">
<arg>xpath=//section[@class="landingPage__buttons"]//div[@class="button__text" and text()="Kirjaudu sisään"]</arg>
<doc>Scrolls the element identified by ``locator`` into view.</doc>
<status status="PASS" starttime="20240619 12:15:32.750" endtime="20240619 12:15:35.094"/>
</kw>
<kw name="Double Click Element" library="SeleniumLibrary">
<arg>xpath=//section[@class="landingPage__buttons"]//div[@class="button__text" and text()="Kirjaudu sisään"]</arg>
<doc>Double clicks the element identified by ``locator``.</doc>
<msg timestamp="20240619 12:15:35.094" level="INFO">Double clicking element 'xpath=//section[@class="landingPage__buttons"]//div[@class="button__text" and text()="Kirjaudu sisään"]'.</msg>
<status status="PASS" starttime="20240619 12:15:35.094" endtime="20240619 12:15:37.479"/>
</kw>
<status status="PASS" starttime="20240619 12:15:26.069" endtime="20240619 12:15:37.479"/>
</kw>
<kw name="Login as teacher" library="management-teacher-keywords">
<doc>Test description:
    Cheks log in process as teacher to be sure all process is working well
Test proceeding:
    In this part we will login with teacher e-mail and password.
    Before inputing text, its better first to click on text place by click element and clear texts inside wich could be there.
    In our case it is no default text inside boxes and because of that I disabled those 2 lines.
    Same process continuse for password writing and finally click to login button to log in the page.
Expected output / acceptance criteria:
    E-mail and password with teacher role can log in succusfully.</doc>
<kw name="Input Text" library="SeleniumLibrary">
<arg>id:email</arg>
<arg>${teacher.e-mail}</arg>
<doc>Types the given ``text`` into the text field identified by ``locator``.</doc>
<msg timestamp="20240619 12:15:37.479" level="INFO">Typing text 'shahroz.saeidi@edu.hel.fi' into text field 'id:email'.</msg>
<status status="PASS" starttime="20240619 12:15:37.479" endtime="20240619 12:15:40.913"/>
</kw>
<kw name="Input Password" library="SeleniumLibrary">
<arg>id:password</arg>
<arg>${teacher.password}</arg>
<doc>Types the given password into the text field identified by ``locator``.</doc>
<msg timestamp="20240619 12:15:40.917" level="INFO">Typing password into text field 'id:password'.</msg>
<msg timestamp="20240619 12:15:43.032" level="INFO">Temporally setting log level to: NONE</msg>
<msg timestamp="20240619 12:15:44.220" level="INFO">Log level changed from NONE to INFO.</msg>
<status status="PASS" starttime="20240619 12:15:40.914" endtime="20240619 12:15:44.220"/>
</kw>
<kw name="Click Element" library="SeleniumLibrary">
<arg>xpath=//div[@class="button__text" and text()="Kirjaudu sisään"]</arg>
<doc>Click the element identified by ``locator``.</doc>
<msg timestamp="20240619 12:15:44.220" level="INFO">Clicking element 'xpath=//div[@class="button__text" and text()="Kirjaudu sisään"]'.</msg>
<status status="PASS" starttime="20240619 12:15:44.220" endtime="20240619 12:15:46.352"/>
</kw>
<kw name="Wait Until Element Is Visible" library="SeleniumLibrary">
<arg>xpath=//div[@class="${hamburger-menu}"]</arg>
<arg>${time}</arg>
<doc>Waits until the element ``locator`` is visible.</doc>
<status status="PASS" starttime="20240619 12:15:46.352" endtime="20240619 12:15:49.655"/>
</kw>
<status status="PASS" starttime="20240619 12:15:37.479" endtime="20240619 12:15:49.655"/>
</kw>
<kw name="Wait Until Element Is Visible" library="SeleniumLibrary">
<arg>xpath=//div[@class="${hamburger-menu}"]</arg>
<arg>15</arg>
<doc>Waits until the element ``locator`` is visible.</doc>
<status status="PASS" starttime="20240619 12:15:49.655" endtime="20240619 12:15:51.709"/>
</kw>
<kw name="Logout as teacher" library="management-teacher-keywords">
<kw name="Click Element" library="SeleniumLibrary">
<arg>xpath=//div[@class="${hamburger-menu}"]</arg>
<doc>Click the element identified by ``locator``.</doc>
<msg timestamp="20240619 12:15:51.714" level="INFO">Clicking element 'xpath=//div[@class="_buttonContainer_1ndim_25"]'.</msg>
<status status="PASS" starttime="20240619 12:15:51.713" endtime="20240619 12:15:53.837"/>
</kw>
<kw name="Click Element" library="SeleniumLibrary">
<arg>xpath=//p[contains(@class,'MuiTypography-root MuiTypography-body1 css-yxssz') and contains(text(),'Kirjaudu ulos')]</arg>
<doc>Click the element identified by ``locator``.</doc>
<msg timestamp="20240619 12:15:53.837" level="INFO">Clicking element 'xpath=//p[contains(@class,'MuiTypography-root MuiTypography-body1 css-yxssz') and contains(text(),'Kirjaudu ulos')]'.</msg>
<status status="PASS" starttime="20240619 12:15:53.837" endtime="20240619 12:15:55.976"/>
</kw>
<status status="PASS" starttime="20240619 12:15:51.709" endtime="20240619 12:15:55.976"/>
</kw>
<kw name="Click Element" library="SeleniumLibrary">
<arg>xpath=//section[@class="landingPage__buttons"]//button[@class="button__container "]</arg>
<doc>Click the element identified by ``locator``.</doc>
<msg timestamp="20240619 12:15:55.983" level="INFO">Clicking element 'xpath=//section[@class="landingPage__buttons"]//button[@class="button__container "]'.</msg>
<status status="PASS" starttime="20240619 12:15:55.978" endtime="20240619 12:15:58.112"/>
</kw>
<kw name="Forgotten password case" library="saukko-keywords">
<kw name="Click Link" library="SeleniumLibrary">
<arg>css:a[href="/forgot-password"]</arg>
<doc>Clicks a link identified by ``locator``.</doc>
<msg timestamp="20240619 12:15:58.118" level="INFO">Clicking link 'css:a[href="/forgot-password"]'.</msg>
<status status="PASS" starttime="20240619 12:15:58.112" endtime="20240619 12:16:01.619"/>
</kw>
<kw name="Click Element" library="SeleniumLibrary">
<arg>id:email</arg>
<doc>Click the element identified by ``locator``.</doc>
<msg timestamp="20240619 12:16:01.619" level="INFO">Clicking element 'id:email'.</msg>
<status status="PASS" starttime="20240619 12:16:01.619" endtime="20240619 12:16:03.808"/>
</kw>
<kw name="Clear Element Text" library="SeleniumLibrary">
<arg>id:email</arg>
<doc>Clears the value of the text-input-element identified by ``locator``.</doc>
<status status="PASS" starttime="20240619 12:16:03.808" endtime="20240619 12:16:05.905"/>
</kw>
<kw name="Input Text" library="SeleniumLibrary">
<arg>id:email</arg>
<arg>shahroz@test.fi</arg>
<doc>Types the given ``text`` into the text field identified by ``locator``.</doc>
<msg timestamp="20240619 12:16:05.905" level="INFO">Typing text 'shahroz@test.fi' into text field 'id:email'.</msg>
<status status="PASS" starttime="20240619 12:16:05.905" endtime="20240619 12:16:09.194"/>
</kw>
<kw name="Click Element" library="SeleniumLibrary">
<arg>xpath=//div[@class="button__text" and text()="Lähetä"]</arg>
<doc>Click the element identified by ``locator``.</doc>
<msg timestamp="20240619 12:16:09.194" level="INFO">Clicking element 'xpath=//div[@class="button__text" and text()="Lähetä"]'.</msg>
<status status="PASS" starttime="20240619 12:16:09.194" endtime="20240619 12:16:11.334"/>
</kw>
<status status="PASS" starttime="20240619 12:15:58.112" endtime="20240619 12:16:11.334"/>
</kw>
<kw name="Close Browser" library="SeleniumLibrary">
<doc>Closes the current browser.</doc>
<status status="PASS" starttime="20240619 12:16:11.334" endtime="20240619 12:16:14.710"/>
</kw>
<status status="PASS" starttime="20240619 12:15:26.069" endtime="20240619 12:16:14.710"/>
</test>
<status status="PASS" starttime="20240619 12:15:25.654" endtime="20240619 12:16:14.714"/>
</suite>
<statistics>
<total>
<stat pass="1" fail="0" skip="0">All Tests</stat>
</total>
<tag>
</tag>
<suite>
<stat pass="1" fail="0" skip="0" id="s1" name="Saukko">Saukko</stat>
</suite>
</statistics>
<errors>
</errors>
</robot>
